
Showing logs for build [32mcb-kubecd-environment-pr-485-6-7w67v-1[0m stage [32mfrom-build-pack[0m and container [32mstep-credential-initializer-v7vs9[0m
{"level":"warn","ts":1568075251.6844997,"logger":"fallback-logger","caller":"logging/config.go:69","msg":"Fetch GitHub commit ID from kodata failed: \"ref: refs/heads/master\" is not a valid GitHub commit ID"}
{"level":"info","ts":1568075251.6850097,"logger":"fallback-logger","caller":"creds-init/main.go:40","msg":"Credentials initialized."}

Showing logs for build [32mcb-kubecd-environment-pr-485-6-7w67v-1[0m stage [32mfrom-build-pack[0m and container [32mstep-working-dir-initializer-xt2lj[0m
{"level":"warn","ts":1568075252.7493434,"logger":"fallback-logger","caller":"logging/config.go:69","msg":"Fetch GitHub commit ID from kodata failed: open /var/run/ko/HEAD: no such file or directory"}
{"level":"info","ts":1568075252.7514935,"logger":"fallback-logger","caller":"bash/main.go:65","msg":"Successfully executed command \"mkdir -p /workspace/source /workspace/source/env\""}

Showing logs for build [32mcb-kubecd-environment-pr-485-6-7w67v-1[0m stage [32mfrom-build-pack[0m and container [32mstep-place-tools[0m

Showing logs for build [32mcb-kubecd-environment-pr-485-6-7w67v-1[0m stage [32mfrom-build-pack[0m and container [32mstep-git-source-cb-kubecd-environment-pr-485-6-msbxc[0m
{"level":"warn","ts":1568075256.7934592,"logger":"fallback-logger","caller":"logging/config.go:69","msg":"Fetch GitHub commit ID from kodata failed: \"ref: refs/heads/master\" is not a valid GitHub commit ID"}
{"level":"info","ts":1568075257.8466182,"logger":"fallback-logger","caller":"git/git.go:102","msg":"Successfully cloned https://github.com/cb-kubecd/environment-pr-485-6-boot-local-production.git @ aac16af73e4c4f355f3e1ffacae9e788e8bcadc2 in path /workspace/source"}

Showing logs for build [32mcb-kubecd-environment-pr-485-6-7w67v-1[0m stage [32mfrom-build-pack[0m and container [32mstep-git-merge[0m
Using SHAs from PULL_REFS=master:a93921a3879c2d1cea543ed95bd3cb442f73de82,1:aac16af73e4c4f355f3e1ffacae9e788e8bcadc2
DEBUG: ran git fetch --unshallow origin aac16af73e4c4f355f3e1ffacae9e788e8bcadc2: a93921a3879c2d1cea543ed95bd3cb442f73de82: in 
DEBUG: ran git checkout master in 
DEBUG: ran git reset --hard a93921a3879c2d1cea543ed95bd3cb442f73de82 in 
DEBUG: ran clean --force -d . in 
DEBUG: ran git merge aac16af73e4c4f355f3e1ffacae9e788e8bcadc2 in 
Merged SHA aac16af73e4c4f355f3e1ffacae9e788e8bcadc2 with commit message 'chore: Promote bdd-spring-1568074594 to version 0.0.1' into base branch master

Showing logs for build [32mcb-kubecd-environment-pr-485-6-7w67v-1[0m stage [32mfrom-build-pack[0m and container [32mstep-build-helm-build[0m
WARNING: No $CHART_REPOSITORY defined so using the default value of: http://jenkins-x-chartmuseum:8080
Adding missing Helm repo: storage.googleapis.com https://storage.googleapis.com/chartmuseum.jenkins-x.io
Successfully added Helm repository storage.googleapis.com.
Adding missing Helm repo: jenkins-x-chartmuseum http://jenkins-x-chartmuseum:8080
Successfully added Helm repository jenkins-x-chartmuseum.
WARNING: No $CHART_REPOSITORY defined so using the default value of: http://jenkins-x-chartmuseum:8080
Adding missing Helm repo: chartmuseum.jenkins-x.io http://chartmuseum.jenkins-x.io
Successfully added Helm repository chartmuseum.jenkins-x.io.
